<?xml version="1.0" encoding="UTF-8"?>
<coverage generated="1772070978">
  <project timestamp="1772070978">
    <package name="Honed\Refine\Attributes">
      <file name="/home/josh/code/honed/honed/packages/laravel/refine/src/Attributes/UseRefine.php">
        <class name="Honed\Refine\Attributes\UseRefine" namespace="Honed\Refine\Attributes">
          <metrics complexity="1" methods="1" coveredmethods="1" conditionals="0" coveredconditionals="0" statements="1" coveredstatements="1" elements="2" coveredelements="2"/>
        </class>
        <line num="18" type="method" name="__construct" visibility="public" complexity="1" crap="1" count="2"/>
        <line num="20" type="stmt" count="2"/>
        <metrics loc="22" ncloc="16" classes="1" methods="1" coveredmethods="1" conditionals="0" coveredconditionals="0" statements="1" coveredstatements="1" elements="2" coveredelements="2"/>
      </file>
    </package>
    <package name="Honed\Refine\Commands">
      <file name="/home/josh/code/honed/honed/packages/laravel/refine/src/Commands/FilterMakeCommand.php">
        <class name="Honed\Refine\Commands\FilterMakeCommand" namespace="Honed\Refine\Commands">
          <metrics complexity="6" methods="5" coveredmethods="4" conditionals="0" coveredconditionals="0" statements="14" coveredstatements="13" elements="19" coveredelements="17"/>
        </class>
        <line num="42" type="method" name="getStub" visibility="protected" complexity="1" crap="1" count="2"/>
        <line num="44" type="stmt" count="2"/>
        <line num="53" type="method" name="resolveStubPath" visibility="protected" complexity="2" crap="2.15" count="2"/>
        <line num="55" type="stmt" count="2"/>
        <line num="56" type="stmt" count="0"/>
        <line num="57" type="stmt" count="2"/>
        <line num="66" type="method" name="getDefaultNamespace" visibility="protected" complexity="1" crap="1" count="2"/>
        <line num="68" type="stmt" count="2"/>
        <line num="76" type="method" name="getOptions" visibility="protected" complexity="1" crap="1" count="2"/>
        <line num="78" type="stmt" count="2"/>
        <line num="79" type="stmt" count="2"/>
        <line num="80" type="stmt" count="2"/>
        <line num="88" type="method" name="promptForMissingArgumentsUsing" visibility="protected" complexity="1" crap="1" count="1"/>
        <line num="90" type="stmt" count="1"/>
        <line num="91" type="stmt" count="1"/>
        <line num="92" type="stmt" count="1"/>
        <line num="93" type="stmt" count="1"/>
        <line num="94" type="stmt" count="1"/>
        <line num="95" type="stmt" count="1"/>
        <metrics loc="98" ncloc="56" classes="1" methods="5" coveredmethods="4" conditionals="0" coveredconditionals="0" statements="14" coveredstatements="13" elements="19" coveredelements="17"/>
      </file>
      <file name="/home/josh/code/honed/honed/packages/laravel/refine/src/Commands/RefineMakeCommand.php">
        <class name="Honed\Refine\Commands\RefineMakeCommand" namespace="Honed\Refine\Commands">
          <metrics complexity="6" methods="5" coveredmethods="4" conditionals="0" coveredconditionals="0" statements="14" coveredstatements="13" elements="19" coveredelements="17"/>
        </class>
        <line num="42" type="method" name="getStub" visibility="protected" complexity="1" crap="1" count="2"/>
        <line num="44" type="stmt" count="2"/>
        <line num="53" type="method" name="resolveStubPath" visibility="protected" complexity="2" crap="2.15" count="2"/>
        <line num="55" type="stmt" count="2"/>
        <line num="56" type="stmt" count="0"/>
        <line num="57" type="stmt" count="2"/>
        <line num="66" type="method" name="getDefaultNamespace" visibility="protected" complexity="1" crap="1" count="2"/>
        <line num="68" type="stmt" count="2"/>
        <line num="74" type="method" name="getOptions" visibility="protected" complexity="1" crap="1" count="2"/>
        <line num="76" type="stmt" count="2"/>
        <line num="77" type="stmt" count="2"/>
        <line num="78" type="stmt" count="2"/>
        <line num="86" type="method" name="promptForMissingArgumentsUsing" visibility="protected" complexity="1" crap="1" count="1"/>
        <line num="88" type="stmt" count="1"/>
        <line num="89" type="stmt" count="1"/>
        <line num="90" type="stmt" count="1"/>
        <line num="91" type="stmt" count="1"/>
        <line num="92" type="stmt" count="1"/>
        <line num="93" type="stmt" count="1"/>
        <metrics loc="96" ncloc="56" classes="1" methods="5" coveredmethods="4" conditionals="0" coveredconditionals="0" statements="14" coveredstatements="13" elements="19" coveredelements="17"/>
      </file>
      <file name="/home/josh/code/honed/honed/packages/laravel/refine/src/Commands/SearchMakeCommand.php">
        <class name="Honed\Refine\Commands\SearchMakeCommand" namespace="Honed\Refine\Commands">
          <metrics complexity="6" methods="5" coveredmethods="4" conditionals="0" coveredconditionals="0" statements="14" coveredstatements="13" elements="19" coveredelements="17"/>
        </class>
        <line num="42" type="method" name="getStub" visibility="protected" complexity="1" crap="1" count="2"/>
        <line num="44" type="stmt" count="2"/>
        <line num="53" type="method" name="resolveStubPath" visibility="protected" complexity="2" crap="2.15" count="2"/>
        <line num="55" type="stmt" count="2"/>
        <line num="56" type="stmt" count="0"/>
        <line num="57" type="stmt" count="2"/>
        <line num="66" type="method" name="getDefaultNamespace" visibility="protected" complexity="1" crap="1" count="2"/>
        <line num="68" type="stmt" count="2"/>
        <line num="74" type="method" name="getOptions" visibility="protected" complexity="1" crap="1" count="2"/>
        <line num="76" type="stmt" count="2"/>
        <line num="77" type="stmt" count="2"/>
        <line num="78" type="stmt" count="2"/>
        <line num="86" type="method" name="promptForMissingArgumentsUsing" visibility="protected" complexity="1" crap="1" count="1"/>
        <line num="88" type="stmt" count="1"/>
        <line num="89" type="stmt" count="1"/>
        <line num="90" type="stmt" count="1"/>
        <line num="91" type="stmt" count="1"/>
        <line num="92" type="stmt" count="1"/>
        <line num="93" type="stmt" count="1"/>
        <metrics loc="96" ncloc="56" classes="1" methods="5" coveredmethods="4" conditionals="0" coveredconditionals="0" statements="14" coveredstatements="13" elements="19" coveredelements="17"/>
      </file>
      <file name="/home/josh/code/honed/honed/packages/laravel/refine/src/Commands/SortMakeCommand.php">
        <class name="Honed\Refine\Commands\SortMakeCommand" namespace="Honed\Refine\Commands">
          <metrics complexity="6" methods="5" coveredmethods="4" conditionals="0" coveredconditionals="0" statements="14" coveredstatements="13" elements="19" coveredelements="17"/>
        </class>
        <line num="42" type="method" name="getStub" visibility="protected" complexity="1" crap="1" count="2"/>
        <line num="44" type="stmt" count="2"/>
        <line num="53" type="method" name="resolveStubPath" visibility="protected" complexity="2" crap="2.15" count="2"/>
        <line num="55" type="stmt" count="2"/>
        <line num="56" type="stmt" count="0"/>
        <line num="57" type="stmt" count="2"/>
        <line num="66" type="method" name="getDefaultNamespace" visibility="protected" complexity="1" crap="1" count="2"/>
        <line num="68" type="stmt" count="2"/>
        <line num="74" type="method" name="getOptions" visibility="protected" complexity="1" crap="1" count="2"/>
        <line num="76" type="stmt" count="2"/>
        <line num="77" type="stmt" count="2"/>
        <line num="78" type="stmt" count="2"/>
        <line num="86" type="method" name="promptForMissingArgumentsUsing" visibility="protected" complexity="1" crap="1" count="1"/>
        <line num="88" type="stmt" count="1"/>
        <line num="89" type="stmt" count="1"/>
        <line num="90" type="stmt" count="1"/>
        <line num="91" type="stmt" count="1"/>
        <line num="92" type="stmt" count="1"/>
        <line num="93" type="stmt" count="1"/>
        <metrics loc="96" ncloc="56" classes="1" methods="5" coveredmethods="4" conditionals="0" coveredconditionals="0" statements="14" coveredstatements="13" elements="19" coveredelements="17"/>
      </file>
    </package>
    <package name="Honed\Refine\Concerns">
      <file name="/home/josh/code/honed/honed/packages/laravel/refine/src/Concerns/CanBeHidden.php">
        <class name="Honed\Refine\Concerns\CanBeHidden" namespace="Honed\Refine\Concerns">
          <metrics complexity="4" methods="4" coveredmethods="4" conditionals="0" coveredconditionals="0" statements="5" coveredstatements="5" elements="9" coveredelements="9"/>
        </class>
        <line num="19" type="method" name="hidden" visibility="public" complexity="1" crap="1" count="1"/>
        <line num="21" type="stmt" count="1"/>
        <line num="23" type="stmt" count="1"/>
        <line num="31" type="method" name="notHidden" visibility="public" complexity="1" crap="1" count="1"/>
        <line num="33" type="stmt" count="1"/>
        <line num="39" type="method" name="isHidden" visibility="public" complexity="1" crap="1" count="8"/>
        <line num="41" type="stmt" count="8"/>
        <line num="47" type="method" name="isNotHidden" visibility="public" complexity="1" crap="1" count="8"/>
        <line num="49" type="stmt" count="8"/>
        <metrics loc="52" ncloc="33" classes="1" methods="4" coveredmethods="4" conditionals="0" coveredconditionals="0" statements="5" coveredstatements="5" elements="9" coveredelements="9"/>
      </file>
      <file name="/home/josh/code/honed/honed/packages/laravel/refine/src/Concerns/CanBeNullable.php">
        <class name="Honed\Refine\Concerns\CanBeNullable" namespace="Honed\Refine\Concerns">
          <metrics complexity="4" methods="4" coveredmethods="4" conditionals="0" coveredconditionals="0" statements="5" coveredstatements="5" elements="9" coveredelements="9"/>
        </class>
        <line num="21" type="method" name="nullable" visibility="public" complexity="1" crap="1" count="3"/>
        <line num="23" type="stmt" count="3"/>
        <line num="25" type="stmt" count="3"/>
        <line num="33" type="method" name="notNullable" visibility="public" complexity="1" crap="1" count="1"/>
        <line num="35" type="stmt" count="1"/>
        <line num="41" type="method" name="isNullable" visibility="public" complexity="1" crap="1" count="6"/>
        <line num="43" type="stmt" count="6"/>
        <line num="49" type="method" name="isNotNullable" visibility="public" complexity="1" crap="1" count="1"/>
        <line num="51" type="stmt" count="1"/>
        <metrics loc="54" ncloc="33" classes="1" methods="4" coveredmethods="4" conditionals="0" coveredconditionals="0" statements="5" coveredstatements="5" elements="9" coveredelements="9"/>
      </file>
      <file name="/home/josh/code/honed/honed/packages/laravel/refine/src/Concerns/CanRefine.php">
        <class name="Honed\Refine\Concerns\CanRefine" namespace="Honed\Refine\Concerns">
          <metrics complexity="7" methods="4" coveredmethods="4" conditionals="0" coveredconditionals="0" statements="26" coveredstatements="26" elements="30" coveredelements="30"/>
        </class>
        <line num="65" type="method" name="persist" visibility="public" complexity="1" crap="1" count="42"/>
        <line num="67" type="stmt" count="42"/>
        <line num="68" type="stmt" count="42"/>
        <line num="69" type="stmt" count="42"/>
        <line num="70" type="stmt" count="42"/>
        <line num="71" type="stmt" count="42"/>
        <line num="79" type="method" name="request" visibility="public" complexity="1" crap="1" count="109"/>
        <line num="81" type="stmt" count="109"/>
        <line num="83" type="stmt" count="109"/>
        <line num="91" type="method" name="refineToArray" visibility="public" complexity="4" crap="4" count="9"/>
        <line num="93" type="stmt" count="9"/>
        <line num="94" type="stmt" count="9"/>
        <line num="95" type="stmt" count="9"/>
        <line num="96" type="stmt" count="9"/>
        <line num="97" type="stmt" count="9"/>
        <line num="98" type="stmt" count="9"/>
        <line num="99" type="stmt" count="9"/>
        <line num="100" type="stmt" count="9"/>
        <line num="101" type="stmt" count="9"/>
        <line num="102" type="stmt" count="9"/>
        <line num="103" type="stmt" count="9"/>
        <line num="111" type="method" name="pipes" visibility="protected" complexity="1" crap="1" count="7"/>
        <line num="114" type="stmt" count="7"/>
        <line num="115" type="stmt" count="7"/>
        <line num="116" type="stmt" count="7"/>
        <line num="117" type="stmt" count="7"/>
        <line num="118" type="stmt" count="7"/>
        <line num="119" type="stmt" count="7"/>
        <line num="120" type="stmt" count="7"/>
        <line num="121" type="stmt" count="7"/>
        <metrics loc="124" ncloc="83" classes="1" methods="4" coveredmethods="4" conditionals="0" coveredconditionals="0" statements="26" coveredstatements="26" elements="30" coveredelements="30"/>
      </file>
      <file name="/home/josh/code/honed/honed/packages/laravel/refine/src/Concerns/HasDelimiter.php">
        <class name="Honed\Refine\Concerns\HasDelimiter" namespace="Honed\Refine\Concerns">
          <metrics complexity="2" methods="2" coveredmethods="2" conditionals="0" coveredconditionals="0" statements="3" coveredstatements="3" elements="5" coveredelements="5"/>
        </class>
        <line num="21" type="method" name="delimiter" visibility="public" complexity="1" crap="1" count="1"/>
        <line num="23" type="stmt" count="1"/>
        <line num="25" type="stmt" count="1"/>
        <line num="31" type="method" name="getDelimiter" visibility="public" complexity="1" crap="1" count="30"/>
        <line num="33" type="stmt" count="30"/>
        <metrics loc="36" ncloc="25" classes="1" methods="2" coveredmethods="2" conditionals="0" coveredconditionals="0" statements="3" coveredstatements="3" elements="5" coveredelements="5"/>
      </file>
      <file name="/home/josh/code/honed/honed/packages/laravel/refine/src/Concerns/HasFilters.php">
        <class name="Honed\Refine\Concerns\HasFilters" namespace="Honed\Refine\Concerns">
          <metrics complexity="13" methods="11" coveredmethods="11" conditionals="0" coveredconditionals="0" statements="35" coveredstatements="35" elements="46" coveredelements="46"/>
        </class>
        <line num="34" type="method" name="filterable" visibility="public" complexity="1" crap="1" count="3"/>
        <line num="36" type="stmt" count="3"/>
        <line num="38" type="stmt" count="3"/>
        <line num="46" type="method" name="notFilterable" visibility="public" complexity="1" crap="1" count="2"/>
        <line num="48" type="stmt" count="2"/>
        <line num="54" type="method" name="isFilterable" visibility="public" complexity="1" crap="1" count="35"/>
        <line num="56" type="stmt" count="35"/>
        <line num="62" type="method" name="isNotFilterable" visibility="public" complexity="1" crap="1" count="35"/>
        <line num="64" type="stmt" count="35"/>
        <line num="73" type="method" name="filters" visibility="public" complexity="2" crap="2" count="22"/>
        <line num="76" type="stmt" count="22"/>
        <line num="78" type="stmt" count="22"/>
        <line num="80" type="stmt" count="22"/>
        <line num="88" type="method" name="filter" visibility="public" complexity="1" crap="1" count="5"/>
        <line num="90" type="stmt" count="5"/>
        <line num="92" type="stmt" count="5"/>
        <line num="100" type="method" name="getFilters" visibility="public" complexity="2" crap="2" count="34"/>
        <line num="102" type="stmt" count="34"/>
        <line num="103" type="stmt" count="2"/>
        <line num="106" type="stmt" count="33"/>
        <line num="107" type="stmt" count="33"/>
        <line num="108" type="stmt" count="33"/>
        <line num="109" type="stmt" count="33"/>
        <line num="110" type="stmt" count="33"/>
        <line num="111" type="stmt" count="33"/>
        <line num="117" type="method" name="isFiltering" visibility="public" complexity="1" crap="1" count="4"/>
        <line num="119" type="stmt" count="4"/>
        <line num="125" type="method" name="isNotFiltering" visibility="public" complexity="1" crap="1" count="2"/>
        <line num="127" type="stmt" count="2"/>
        <line num="135" type="method" name="getActiveFilters" visibility="public" complexity="1" crap="1" count="5"/>
        <line num="137" type="stmt" count="5"/>
        <line num="138" type="stmt" count="5"/>
        <line num="139" type="stmt" count="5"/>
        <line num="140" type="stmt" count="5"/>
        <line num="141" type="stmt" count="5"/>
        <line num="142" type="stmt" count="5"/>
        <line num="150" type="method" name="filtersToArray" visibility="public" complexity="1" crap="1" count="11"/>
        <line num="152" type="stmt" count="11"/>
        <line num="153" type="stmt" count="11"/>
        <line num="154" type="stmt" count="11"/>
        <line num="155" type="stmt" count="11"/>
        <line num="156" type="stmt" count="11"/>
        <line num="157" type="stmt" count="11"/>
        <line num="158" type="stmt" count="11"/>
        <line num="159" type="stmt" count="11"/>
        <line num="160" type="stmt" count="11"/>
        <metrics loc="163" ncloc="104" classes="1" methods="11" coveredmethods="11" conditionals="0" coveredconditionals="0" statements="35" coveredstatements="35" elements="46" coveredelements="46"/>
      </file>
      <file name="/home/josh/code/honed/honed/packages/laravel/refine/src/Concerns/HasQualifier.php">
        <class name="Honed\Refine\Concerns\HasQualifier" namespace="Honed\Refine\Concerns">
          <metrics complexity="10" methods="5" coveredmethods="4" conditionals="0" coveredconditionals="0" statements="11" coveredstatements="10" elements="16" coveredelements="14"/>
        </class>
        <line num="27" type="method" name="qualify" visibility="public" complexity="1" crap="1" count="5"/>
        <line num="29" type="stmt" count="5"/>
        <line num="31" type="stmt" count="5"/>
        <line num="39" type="method" name="dontQualify" visibility="public" complexity="1" crap="2" count="0"/>
        <line num="41" type="stmt" count="0"/>
        <line num="47" type="method" name="getQualifier" visibility="public" complexity="1" crap="1" count="66"/>
        <line num="49" type="stmt" count="66"/>
        <line num="55" type="method" name="isQualifying" visibility="public" complexity="1" crap="1" count="4"/>
        <line num="57" type="stmt" count="4"/>
        <line num="66" type="method" name="qualifyColumn" visibility="public" complexity="6" crap="6" count="65"/>
        <line num="68" type="stmt" count="65"/>
        <line num="70" type="stmt" count="65"/>
        <line num="71" type="stmt" count="62"/>
        <line num="74" type="stmt" count="4"/>
        <line num="75" type="stmt" count="1"/>
        <line num="78" type="stmt" count="4"/>
        <metrics loc="81" ncloc="54" classes="1" methods="5" coveredmethods="4" conditionals="0" coveredconditionals="0" statements="11" coveredstatements="10" elements="16" coveredelements="14"/>
      </file>
      <file name="/home/josh/code/honed/honed/packages/laravel/refine/src/Concerns/HasRefiner.php">
        <class name="Honed\Refine\Concerns\HasRefiner" namespace="Honed\Refine\Concerns">
          <metrics complexity="6" methods="3" coveredmethods="3" conditionals="0" coveredconditionals="0" statements="13" coveredstatements="13" elements="16" coveredelements="16"/>
        </class>
        <line num="23" type="method" name="refiner" visibility="public" complexity="1" crap="1" count="3"/>
        <line num="25" type="stmt" count="3"/>
        <line num="26" type="stmt" count="3"/>
        <line num="34" type="method" name="newRefiner" visibility="protected" complexity="3" crap="3" count="3"/>
        <line num="36" type="stmt" count="3"/>
        <line num="37" type="stmt" count="1"/>
        <line num="40" type="stmt" count="2"/>
        <line num="41" type="stmt" count="1"/>
        <line num="44" type="stmt" count="1"/>
        <line num="52" type="method" name="getUseRefineAttribute" visibility="protected" complexity="2" crap="2" count="2"/>
        <line num="54" type="stmt" count="2"/>
        <line num="55" type="stmt" count="2"/>
        <line num="57" type="stmt" count="2"/>
        <line num="58" type="stmt" count="1"/>
        <line num="60" type="stmt" count="1"/>
        <line num="63" type="stmt" count="1"/>
        <metrics loc="66" ncloc="46" classes="1" methods="3" coveredmethods="3" conditionals="0" coveredconditionals="0" statements="13" coveredstatements="13" elements="16" coveredelements="16"/>
      </file>
      <file name="/home/josh/code/honed/honed/packages/laravel/refine/src/Concerns/HasSearchTerm.php">
        <class name="Honed\Refine\Concerns\HasSearchTerm" namespace="Honed\Refine\Concerns">
          <metrics complexity="6" methods="4" coveredmethods="4" conditionals="0" coveredconditionals="0" statements="8" coveredstatements="8" elements="12" coveredelements="12"/>
        </class>
        <line num="19" type="method" name="setSearchTerm" visibility="public" complexity="1" crap="1" count="22"/>
        <line num="21" type="stmt" count="22"/>
        <line num="27" type="method" name="getSearchTerm" visibility="public" complexity="1" crap="1" count="31"/>
        <line num="29" type="stmt" count="31"/>
        <line num="35" type="method" name="decodeSearchTerm" visibility="public" complexity="2" crap="2" count="23"/>
        <line num="37" type="stmt" count="23"/>
        <line num="38" type="stmt" count="7"/>
        <line num="41" type="stmt" count="17"/>
        <line num="47" type="method" name="encodeSearchTerm" visibility="public" complexity="2" crap="2" count="11"/>
        <line num="49" type="stmt" count="11"/>
        <line num="50" type="stmt" count="1"/>
        <line num="53" type="stmt" count="11"/>
        <metrics loc="56" ncloc="41" classes="1" methods="4" coveredmethods="4" conditionals="0" coveredconditionals="0" statements="8" coveredstatements="8" elements="12" coveredelements="12"/>
      </file>
      <file name="/home/josh/code/honed/honed/packages/laravel/refine/src/Concerns/HasSearches.php">
        <class name="Honed\Refine\Concerns\HasSearches" namespace="Honed\Refine\Concerns">
          <metrics complexity="29" methods="25" coveredmethods="25" conditionals="0" coveredconditionals="0" statements="56" coveredstatements="56" elements="81" coveredelements="81"/>
        </class>
        <line num="70" type="method" name="searchable" visibility="public" complexity="1" crap="1" count="5"/>
        <line num="72" type="stmt" count="5"/>
        <line num="74" type="stmt" count="5"/>
        <line num="82" type="method" name="notSearchable" visibility="public" complexity="1" crap="1" count="4"/>
        <line num="84" type="stmt" count="4"/>
        <line num="90" type="method" name="isSearchable" visibility="public" complexity="1" crap="1" count="35"/>
        <line num="92" type="stmt" count="35"/>
        <line num="98" type="method" name="isNotSearchable" visibility="public" complexity="1" crap="1" count="29"/>
        <line num="100" type="stmt" count="29"/>
        <line num="108" type="method" name="matchable" visibility="public" complexity="1" crap="1" count="10"/>
        <line num="110" type="stmt" count="10"/>
        <line num="112" type="stmt" count="10"/>
        <line num="120" type="method" name="notMatchable" visibility="public" complexity="1" crap="1" count="1"/>
        <line num="122" type="stmt" count="1"/>
        <line num="128" type="method" name="isMatchable" visibility="public" complexity="2" crap="2" count="31"/>
        <line num="130" type="stmt" count="31"/>
        <line num="136" type="method" name="isNotMatchable" visibility="public" complexity="1" crap="1" count="31"/>
        <line num="138" type="stmt" count="31"/>
        <line num="146" type="method" name="scout" visibility="public" complexity="1" crap="1" count="3"/>
        <line num="148" type="stmt" count="3"/>
        <line num="150" type="stmt" count="3"/>
        <line num="158" type="method" name="notScout" visibility="public" complexity="1" crap="1" count="1"/>
        <line num="160" type="stmt" count="1"/>
        <line num="166" type="method" name="isScout" visibility="public" complexity="1" crap="1" count="26"/>
        <line num="168" type="stmt" count="26"/>
        <line num="174" type="method" name="isNotScout" visibility="public" complexity="1" crap="1" count="11"/>
        <line num="176" type="stmt" count="11"/>
        <line num="185" type="method" name="searches" visibility="public" complexity="2" crap="2" count="24"/>
        <line num="188" type="stmt" count="24"/>
        <line num="190" type="stmt" count="24"/>
        <line num="192" type="stmt" count="24"/>
        <line num="200" type="method" name="search" visibility="public" complexity="1" crap="1" count="1"/>
        <line num="202" type="stmt" count="1"/>
        <line num="204" type="stmt" count="1"/>
        <line num="212" type="method" name="getSearches" visibility="public" complexity="2" crap="2" count="25"/>
        <line num="214" type="stmt" count="25"/>
        <line num="215" type="stmt" count="1"/>
        <line num="218" type="stmt" count="25"/>
        <line num="219" type="stmt" count="25"/>
        <line num="220" type="stmt" count="25"/>
        <line num="221" type="stmt" count="25"/>
        <line num="222" type="stmt" count="25"/>
        <line num="223" type="stmt" count="25"/>
        <line num="231" type="method" name="searchKey" visibility="public" complexity="1" crap="1" count="2"/>
        <line num="233" type="stmt" count="2"/>
        <line num="235" type="stmt" count="2"/>
        <line num="241" type="method" name="getSearchKey" visibility="public" complexity="1" crap="1" count="28"/>
        <line num="243" type="stmt" count="28"/>
        <line num="251" type="method" name="matchKey" visibility="public" complexity="1" crap="1" count="2"/>
        <line num="253" type="stmt" count="2"/>
        <line num="255" type="stmt" count="2"/>
        <line num="261" type="method" name="getMatchKey" visibility="public" complexity="1" crap="1" count="13"/>
        <line num="263" type="stmt" count="13"/>
        <line num="272" type="method" name="searchPlaceholder" visibility="public" complexity="1" crap="1" count="7"/>
        <line num="274" type="stmt" count="7"/>
        <line num="276" type="stmt" count="7"/>
        <line num="284" type="method" name="getSearchPlaceholder" visibility="public" complexity="1" crap="1" count="10"/>
        <line num="286" type="stmt" count="10"/>
        <line num="292" type="method" name="isSearching" visibility="public" complexity="1" crap="1" count="13"/>
        <line num="294" type="stmt" count="13"/>
        <line num="300" type="method" name="isNotSearching" visibility="public" complexity="1" crap="1" count="2"/>
        <line num="302" type="stmt" count="2"/>
        <line num="310" type="method" name="getActiveSearches" visibility="public" complexity="1" crap="1" count="1"/>
        <line num="312" type="stmt" count="1"/>
        <line num="313" type="stmt" count="1"/>
        <line num="314" type="stmt" count="1"/>
        <line num="315" type="stmt" count="1"/>
        <line num="316" type="stmt" count="1"/>
        <line num="317" type="stmt" count="1"/>
        <line num="325" type="method" name="searchesToArray" visibility="public" complexity="2" crap="2" count="11"/>
        <line num="327" type="stmt" count="11"/>
        <line num="328" type="stmt" count="7"/>
        <line num="331" type="stmt" count="5"/>
        <line num="332" type="stmt" count="5"/>
        <line num="333" type="stmt" count="5"/>
        <line num="334" type="stmt" count="5"/>
        <line num="335" type="stmt" count="5"/>
        <line num="336" type="stmt" count="5"/>
        <line num="337" type="stmt" count="5"/>
        <line num="338" type="stmt" count="5"/>
        <line num="339" type="stmt" count="5"/>
        <metrics loc="342" ncloc="199" classes="1" methods="25" coveredmethods="25" conditionals="0" coveredconditionals="0" statements="56" coveredstatements="56" elements="81" coveredelements="81"/>
      </file>
      <file name="/home/josh/code/honed/honed/packages/laravel/refine/src/Concerns/HasSorts.php">
        <class name="Honed\Refine\Concerns\HasSorts" namespace="Honed\Refine\Concerns">
          <metrics complexity="16" methods="14" coveredmethods="14" conditionals="0" coveredconditionals="0" statements="40" coveredstatements="40" elements="54" coveredelements="54"/>
        </class>
        <line num="38" type="method" name="sortable" visibility="public" complexity="1" crap="1" count="5"/>
        <line num="40" type="stmt" count="5"/>
        <line num="42" type="stmt" count="5"/>
        <line num="50" type="method" name="notSortable" visibility="public" complexity="1" crap="1" count="4"/>
        <line num="52" type="stmt" count="4"/>
        <line num="58" type="method" name="isSortable" visibility="public" complexity="1" crap="1" count="37"/>
        <line num="60" type="stmt" count="37"/>
        <line num="66" type="method" name="isNotSortable" visibility="public" complexity="1" crap="1" count="37"/>
        <line num="68" type="stmt" count="37"/>
        <line num="77" type="method" name="sorts" visibility="public" complexity="2" crap="2" count="13"/>
        <line num="80" type="stmt" count="13"/>
        <line num="82" type="stmt" count="13"/>
        <line num="84" type="stmt" count="13"/>
        <line num="92" type="method" name="sort" visibility="public" complexity="1" crap="1" count="15"/>
        <line num="94" type="stmt" count="15"/>
        <line num="96" type="stmt" count="15"/>
        <line num="104" type="method" name="getSorts" visibility="public" complexity="2" crap="2" count="36"/>
        <line num="106" type="stmt" count="36"/>
        <line num="107" type="stmt" count="4"/>
        <line num="110" type="stmt" count="33"/>
        <line num="111" type="stmt" count="33"/>
        <line num="112" type="stmt" count="33"/>
        <line num="113" type="stmt" count="33"/>
        <line num="114" type="stmt" count="33"/>
        <line num="115" type="stmt" count="33"/>
        <line num="121" type="method" name="getDefaultSort" visibility="public" complexity="1" crap="1" count="11"/>
        <line num="123" type="stmt" count="11"/>
        <line num="124" type="stmt" count="11"/>
        <line num="125" type="stmt" count="11"/>
        <line num="126" type="stmt" count="11"/>
        <line num="134" type="method" name="sortKey" visibility="public" complexity="1" crap="1" count="2"/>
        <line num="136" type="stmt" count="2"/>
        <line num="138" type="stmt" count="2"/>
        <line num="144" type="method" name="getSortKey" visibility="public" complexity="1" crap="1" count="26"/>
        <line num="146" type="stmt" count="26"/>
        <line num="152" type="method" name="getActiveSort" visibility="public" complexity="1" crap="1" count="5"/>
        <line num="154" type="stmt" count="5"/>
        <line num="155" type="stmt" count="5"/>
        <line num="156" type="stmt" count="5"/>
        <line num="157" type="stmt" count="5"/>
        <line num="163" type="method" name="isSorting" visibility="public" complexity="1" crap="1" count="4"/>
        <line num="165" type="stmt" count="4"/>
        <line num="171" type="method" name="isNotSorting" visibility="public" complexity="1" crap="1" count="2"/>
        <line num="173" type="stmt" count="2"/>
        <line num="181" type="method" name="sortsToArray" visibility="public" complexity="1" crap="1" count="11"/>
        <line num="183" type="stmt" count="11"/>
        <line num="184" type="stmt" count="11"/>
        <line num="185" type="stmt" count="11"/>
        <line num="186" type="stmt" count="11"/>
        <line num="187" type="stmt" count="11"/>
        <line num="188" type="stmt" count="11"/>
        <line num="189" type="stmt" count="11"/>
        <line num="190" type="stmt" count="11"/>
        <line num="191" type="stmt" count="11"/>
        <metrics loc="194" ncloc="125" classes="1" methods="14" coveredmethods="14" conditionals="0" coveredconditionals="0" statements="40" coveredstatements="40" elements="54" coveredelements="54"/>
      </file>
    </package>
    <file name="/home/josh/code/honed/honed/packages/laravel/refine/src/Contracts/ScoutSearch.php">
      <metrics loc="14" ncloc="10" classes="0" methods="0" coveredmethods="0" conditionals="0" coveredconditionals="0" statements="0" coveredstatements="0" elements="0" coveredelements="0"/>
    </file>
    <file name="/home/josh/code/honed/honed/packages/laravel/refine/src/Contracts/UnionSearch.php">
      <metrics loc="14" ncloc="10" classes="0" methods="0" coveredmethods="0" conditionals="0" coveredconditionals="0" statements="0" coveredstatements="0" elements="0" coveredelements="0"/>
    </file>
    <package name="Honed\Refine\Data">
      <file name="/home/josh/code/honed/honed/packages/laravel/refine/src/Data/SearchData.php">
        <class name="Honed\Refine\Data\SearchData" namespace="Honed\Refine\Data">
          <metrics complexity="9" methods="5" coveredmethods="5" conditionals="0" coveredconditionals="0" statements="15" coveredstatements="15" elements="20" coveredelements="20"/>
        </class>
        <line num="17" type="method" name="__construct" visibility="public" complexity="1" crap="1" count="28"/>
        <line num="20" type="stmt" count="28"/>
        <line num="25" type="method" name="from" visibility="public" complexity="3" crap="3" count="27"/>
        <line num="28" type="stmt" count="27"/>
        <line num="29" type="stmt" count="27"/>
        <line num="30" type="stmt" count="27"/>
        <line num="31" type="stmt" count="27"/>
        <line num="32" type="stmt" count="27"/>
        <line num="33" type="stmt" count="27"/>
        <line num="34" type="stmt" count="27"/>
        <line num="35" type="stmt" count="27"/>
        <line num="43" type="method" name="toArray" visibility="public" complexity="1" crap="1" count="7"/>
        <line num="45" type="stmt" count="7"/>
        <line num="46" type="stmt" count="7"/>
        <line num="47" type="stmt" count="7"/>
        <line num="48" type="stmt" count="7"/>
        <line num="57" type="method" name="invalidTerm" visibility="protected" complexity="2" crap="2" count="22"/>
        <line num="59" type="stmt" count="22"/>
        <line num="68" type="method" name="invalidColumns" visibility="protected" complexity="2" crap="2" count="22"/>
        <line num="70" type="stmt" count="22"/>
        <metrics loc="73" ncloc="47" classes="1" methods="5" coveredmethods="5" conditionals="0" coveredconditionals="0" statements="15" coveredstatements="15" elements="20" coveredelements="20"/>
      </file>
      <file name="/home/josh/code/honed/honed/packages/laravel/refine/src/Data/SortData.php">
        <class name="Honed\Refine\Data\SortData" namespace="Honed\Refine\Data">
          <metrics complexity="8" methods="5" coveredmethods="5" conditionals="0" coveredconditionals="0" statements="15" coveredstatements="15" elements="20" coveredelements="20"/>
        </class>
        <line num="16" type="method" name="__construct" visibility="public" complexity="1" crap="1" count="22"/>
        <line num="19" type="stmt" count="22"/>
        <line num="24" type="method" name="from" visibility="public" complexity="3" crap="3" count="25"/>
        <line num="27" type="stmt" count="25"/>
        <line num="28" type="stmt" count="25"/>
        <line num="29" type="stmt" count="25"/>
        <line num="30" type="stmt" count="25"/>
        <line num="31" type="stmt" count="25"/>
        <line num="32" type="stmt" count="25"/>
        <line num="33" type="stmt" count="25"/>
        <line num="34" type="stmt" count="25"/>
        <line num="42" type="method" name="toArray" visibility="public" complexity="1" crap="1" count="5"/>
        <line num="44" type="stmt" count="5"/>
        <line num="45" type="stmt" count="5"/>
        <line num="46" type="stmt" count="5"/>
        <line num="47" type="stmt" count="5"/>
        <line num="56" type="method" name="invalidColumn" visibility="protected" complexity="2" crap="2" count="14"/>
        <line num="58" type="stmt" count="14"/>
        <line num="67" type="method" name="invalidDirection" visibility="protected" complexity="1" crap="1" count="13"/>
        <line num="69" type="stmt" count="13"/>
        <metrics loc="72" ncloc="46" classes="1" methods="5" coveredmethods="5" conditionals="0" coveredconditionals="0" statements="15" coveredstatements="15" elements="20" coveredelements="20"/>
      </file>
    </package>
    <file name="/home/josh/code/honed/honed/packages/laravel/refine/src/Enums/Boolean.php">
      <metrics loc="12" ncloc="12" classes="0" methods="0" coveredmethods="0" conditionals="0" coveredconditionals="0" statements="0" coveredstatements="0" elements="0" coveredelements="0"/>
    </file>
    <package name="Honed\Refine\Enums">
      <file name="/home/josh/code/honed/honed/packages/laravel/refine/src/Enums/Operator.php">
        <class name="Honed\Refine\Enums\Operator" namespace="Honed\Refine\Enums">
          <metrics complexity="9" methods="1" coveredmethods="1" conditionals="0" coveredconditionals="0" statements="12" coveredstatements="12" elements="13" coveredelements="13"/>
        </class>
        <line num="25" type="method" name="operator" visibility="public" complexity="9" crap="9" count="13"/>
        <line num="27" type="stmt" count="13"/>
        <line num="28" type="stmt" count="13"/>
        <line num="29" type="stmt" count="12"/>
        <line num="30" type="stmt" count="11"/>
        <line num="31" type="stmt" count="10"/>
        <line num="32" type="stmt" count="9"/>
        <line num="33" type="stmt" count="8"/>
        <line num="34" type="stmt" count="13"/>
        <line num="35" type="stmt" count="13"/>
        <line num="36" type="stmt" count="7"/>
        <line num="37" type="stmt" count="13"/>
        <line num="38" type="stmt" count="13"/>
        <metrics loc="41" ncloc="36" classes="1" methods="1" coveredmethods="1" conditionals="0" coveredconditionals="0" statements="12" coveredstatements="12" elements="13" coveredelements="13"/>
      </file>
    </package>
    <file name="/home/josh/code/honed/honed/packages/laravel/refine/src/Enums/SearchMode.php">
      <metrics loc="15" ncloc="15" classes="0" methods="0" coveredmethods="0" conditionals="0" coveredconditionals="0" statements="0" coveredstatements="0" elements="0" coveredelements="0"/>
    </file>
    <package name="Honed\Refine\Filters">
      <file name="/home/josh/code/honed/honed/packages/laravel/refine/src/Filters/BooleanFilter.php">
        <class name="Honed\Refine\Filters\BooleanFilter" namespace="Honed\Refine\Filters">
          <metrics complexity="1" methods="1" coveredmethods="1" conditionals="0" coveredconditionals="0" statements="2" coveredstatements="2" elements="3" coveredelements="3"/>
        </class>
        <line num="18" type="method" name="setUp" visibility="protected" complexity="1" crap="1" count="4"/>
        <line num="20" type="stmt" count="4"/>
        <line num="22" type="stmt" count="4"/>
        <metrics loc="25" ncloc="16" classes="1" methods="1" coveredmethods="1" conditionals="0" coveredconditionals="0" statements="2" coveredstatements="2" elements="3" coveredelements="3"/>
      </file>
      <file name="/home/josh/code/honed/honed/packages/laravel/refine/src/Filters/DateFilter.php">
        <class name="Honed\Refine\Filters\DateFilter" namespace="Honed\Refine\Filters">
          <metrics complexity="1" methods="1" coveredmethods="1" conditionals="0" coveredconditionals="0" statements="2" coveredstatements="2" elements="3" coveredelements="3"/>
        </class>
        <line num="18" type="method" name="setUp" visibility="protected" complexity="1" crap="1" count="1"/>
        <line num="20" type="stmt" count="1"/>
        <line num="22" type="stmt" count="1"/>
        <metrics loc="25" ncloc="16" classes="1" methods="1" coveredmethods="1" conditionals="0" coveredconditionals="0" statements="2" coveredstatements="2" elements="3" coveredelements="3"/>
      </file>
      <file name="/home/josh/code/honed/honed/packages/laravel/refine/src/Filters/DatetimeFilter.php">
        <class name="Honed\Refine\Filters\DatetimeFilter" namespace="Honed\Refine\Filters">
          <metrics complexity="1" methods="1" coveredmethods="1" conditionals="0" coveredconditionals="0" statements="2" coveredstatements="2" elements="3" coveredelements="3"/>
        </class>
        <line num="18" type="method" name="setUp" visibility="protected" complexity="1" crap="1" count="1"/>
        <line num="20" type="stmt" count="1"/>
        <line num="22" type="stmt" count="1"/>
        <metrics loc="25" ncloc="16" classes="1" methods="1" coveredmethods="1" conditionals="0" coveredconditionals="0" statements="2" coveredstatements="2" elements="3" coveredelements="3"/>
      </file>
      <file name="/home/josh/code/honed/honed/packages/laravel/refine/src/Filters/Filter.php">
        <class name="Honed\Refine\Filters\Filter" namespace="Honed\Refine\Filters">
          <metrics complexity="30" methods="16" coveredmethods="16" conditionals="0" coveredconditionals="0" statements="77" coveredstatements="77" elements="93" coveredelements="93"/>
        </class>
        <line num="75" type="method" name="boolean" visibility="public" complexity="1" crap="1" count="17"/>
        <line num="77" type="stmt" count="17"/>
        <line num="78" type="stmt" count="17"/>
        <line num="80" type="stmt" count="17"/>
        <line num="88" type="method" name="date" visibility="public" complexity="1" crap="1" count="3"/>
        <line num="90" type="stmt" count="3"/>
        <line num="91" type="stmt" count="3"/>
        <line num="93" type="stmt" count="3"/>
        <line num="101" type="method" name="datetime" visibility="public" complexity="1" crap="1" count="3"/>
        <line num="103" type="stmt" count="3"/>
        <line num="104" type="stmt" count="3"/>
        <line num="106" type="stmt" count="3"/>
        <line num="116" type="method" name="enum" visibility="public" complexity="1" crap="1" count="7"/>
        <line num="118" type="stmt" count="7"/>
        <line num="121" type="stmt" count="7"/>
        <line num="122" type="stmt" count="7"/>
        <line num="123" type="stmt" count="7"/>
        <line num="125" type="stmt" count="7"/>
        <line num="126" type="stmt" count="7"/>
        <line num="128" type="stmt" count="7"/>
        <line num="136" type="method" name="float" visibility="public" complexity="1" crap="1" count="1"/>
        <line num="138" type="stmt" count="1"/>
        <line num="139" type="stmt" count="1"/>
        <line num="141" type="stmt" count="1"/>
        <line num="149" type="method" name="int" visibility="public" complexity="1" crap="1" count="14"/>
        <line num="151" type="stmt" count="14"/>
        <line num="152" type="stmt" count="14"/>
        <line num="154" type="stmt" count="14"/>
        <line num="162" type="method" name="multiple" visibility="public" complexity="1" crap="1" count="13"/>
        <line num="164" type="stmt" count="13"/>
        <line num="165" type="stmt" count="13"/>
        <line num="166" type="stmt" count="13"/>
        <line num="168" type="stmt" count="13"/>
        <line num="176" type="method" name="text" visibility="public" complexity="1" crap="1" count="2"/>
        <line num="178" type="stmt" count="2"/>
        <line num="179" type="stmt" count="2"/>
        <line num="181" type="stmt" count="2"/>
        <line num="189" type="method" name="time" visibility="public" complexity="1" crap="1" count="3"/>
        <line num="191" type="stmt" count="3"/>
        <line num="192" type="stmt" count="3"/>
        <line num="194" type="stmt" count="3"/>
        <line num="202" type="method" name="presence" visibility="public" complexity="1" crap="1" count="4"/>
        <line num="204" type="stmt" count="4"/>
        <line num="206" type="stmt" count="4"/>
        <line num="208" type="stmt" count="4"/>
        <line num="214" type="method" name="isPresence" visibility="public" complexity="1" crap="1" count="31"/>
        <line num="216" type="stmt" count="31"/>
        <line num="226" type="method" name="handle" visibility="public" complexity="3" crap="3" count="44"/>
        <line num="228" type="stmt" count="44"/>
        <line num="230" type="stmt" count="44"/>
        <line num="232" type="stmt" count="44"/>
        <line num="234" type="stmt" count="44"/>
        <line num="235" type="stmt" count="15"/>
        <line num="238" type="stmt" count="36"/>
        <line num="239" type="stmt" count="36"/>
        <line num="240" type="stmt" count="36"/>
        <line num="241" type="stmt" count="36"/>
        <line num="242" type="stmt" count="36"/>
        <line num="254" type="method" name="apply" visibility="public" complexity="8" crap="8" count="22"/>
        <line num="256" type="stmt" count="22"/>
        <line num="257" type="stmt" count="22"/>
        <line num="258" type="stmt" count="22"/>
        <line num="259" type="stmt" count="22"/>
        <line num="260" type="stmt" count="22"/>
        <line num="261" type="stmt" count="22"/>
        <line num="262" type="stmt" count="22"/>
        <line num="263" type="stmt" count="22"/>
        <line num="265" type="stmt" count="22"/>
        <line num="266" type="stmt" count="21"/>
        <line num="268" type="stmt" count="22"/>
        <line num="270" type="stmt" count="6"/>
        <line num="272" type="stmt" count="22"/>
        <line num="274" type="stmt" count="1"/>
        <line num="276" type="stmt" count="17"/>
        <line num="277" type="stmt" count="22"/>
        <line num="285" type="method" name="representation" visibility="protected" complexity="2" crap="2" count="4"/>
        <line num="287" type="stmt" count="4"/>
        <line num="289" type="stmt" count="4"/>
        <line num="290" type="stmt" count="1"/>
        <line num="293" type="stmt" count="4"/>
        <line num="294" type="stmt" count="4"/>
        <line num="295" type="stmt" count="4"/>
        <line num="296" type="stmt" count="4"/>
        <line num="297" type="stmt" count="4"/>
        <line num="303" type="method" name="transformParameter" visibility="protected" complexity="5" crap="5" count="44"/>
        <line num="305" type="stmt" count="44"/>
        <line num="306" type="stmt" count="44"/>
        <line num="307" type="stmt" count="29"/>
        <line num="308" type="stmt" count="27"/>
        <line num="309" type="stmt" count="44"/>
        <line num="311" type="stmt" count="44"/>
        <line num="317" type="method" name="checkIfActive" visibility="protected" complexity="1" crap="1" count="44"/>
        <line num="319" type="stmt" count="44"/>
        <metrics loc="322" ncloc="223" classes="1" methods="16" coveredmethods="16" conditionals="0" coveredconditionals="0" statements="77" coveredstatements="77" elements="93" coveredelements="93"/>
      </file>
      <file name="/home/josh/code/honed/honed/packages/laravel/refine/src/Filters/NumericFilter.php">
        <class name="Honed\Refine\Filters\NumericFilter" namespace="Honed\Refine\Filters">
          <metrics complexity="1" methods="1" coveredmethods="1" conditionals="0" coveredconditionals="0" statements="2" coveredstatements="2" elements="3" coveredelements="3"/>
        </class>
        <line num="18" type="method" name="setUp" visibility="protected" complexity="1" crap="1" count="1"/>
        <line num="20" type="stmt" count="1"/>
        <line num="22" type="stmt" count="1"/>
        <metrics loc="25" ncloc="16" classes="1" methods="1" coveredmethods="1" conditionals="0" coveredconditionals="0" statements="2" coveredstatements="2" elements="3" coveredelements="3"/>
      </file>
      <file name="/home/josh/code/honed/honed/packages/laravel/refine/src/Filters/PresenceFilter.php">
        <class name="Honed\Refine\Filters\PresenceFilter" namespace="Honed\Refine\Filters">
          <metrics complexity="1" methods="1" coveredmethods="1" conditionals="0" coveredconditionals="0" statements="2" coveredstatements="2" elements="3" coveredelements="3"/>
        </class>
        <line num="18" type="method" name="setUp" visibility="protected" complexity="1" crap="1" count="3"/>
        <line num="20" type="stmt" count="3"/>
        <line num="22" type="stmt" count="3"/>
        <metrics loc="25" ncloc="16" classes="1" methods="1" coveredmethods="1" conditionals="0" coveredconditionals="0" statements="2" coveredstatements="2" elements="3" coveredelements="3"/>
      </file>
      <file name="/home/josh/code/honed/honed/packages/laravel/refine/src/Filters/SelectFilter.php">
        <class name="Honed\Refine\Filters\SelectFilter" namespace="Honed\Refine\Filters">
          <metrics complexity="2" methods="2" coveredmethods="2" conditionals="0" coveredconditionals="0" statements="6" coveredstatements="6" elements="8" coveredelements="8"/>
        </class>
        <line num="18" type="method" name="setUp" visibility="protected" complexity="1" crap="1" count="3"/>
        <line num="20" type="stmt" count="3"/>
        <line num="22" type="stmt" count="3"/>
        <line num="30" type="method" name="representation" visibility="protected" complexity="1" crap="1" count="1"/>
        <line num="32" type="stmt" count="1"/>
        <line num="33" type="stmt" count="1"/>
        <line num="34" type="stmt" count="1"/>
        <line num="35" type="stmt" count="1"/>
        <metrics loc="38" ncloc="24" classes="1" methods="2" coveredmethods="2" conditionals="0" coveredconditionals="0" statements="6" coveredstatements="6" elements="8" coveredelements="8"/>
      </file>
      <file name="/home/josh/code/honed/honed/packages/laravel/refine/src/Filters/TernaryFilter.php">
        <class name="Honed\Refine\Filters\TernaryFilter" namespace="Honed\Refine\Filters">
          <metrics complexity="30" methods="21" coveredmethods="21" conditionals="0" coveredconditionals="0" statements="54" coveredstatements="54" elements="75" coveredelements="75"/>
        </class>
        <line num="67" type="method" name="setUp" visibility="protected" complexity="4" crap="4" count="25"/>
        <line num="69" type="stmt" count="25"/>
        <line num="71" type="stmt" count="25"/>
        <line num="73" type="stmt" count="25"/>
        <line num="75" type="stmt" count="25"/>
        <line num="76" type="stmt" count="25"/>
        <line num="77" type="stmt" count="5"/>
        <line num="78" type="stmt" count="4"/>
        <line num="79" type="stmt" count="12"/>
        <line num="81" type="stmt" count="25"/>
        <line num="87" type="method" name="defaultToBlank" visibility="public" complexity="1" crap="1" count="25"/>
        <line num="89" type="stmt" count="25"/>
        <line num="97" type="method" name="blankLabel" visibility="public" complexity="1" crap="1" count="7"/>
        <line num="99" type="stmt" count="7"/>
        <line num="101" type="stmt" count="7"/>
        <line num="107" type="method" name="getBlankLabel" visibility="public" complexity="1" crap="1" count="17"/>
        <line num="109" type="stmt" count="17"/>
        <line num="118" type="method" name="blankQuery" visibility="public" complexity="1" crap="1" count="8"/>
        <line num="120" type="stmt" count="8"/>
        <line num="122" type="stmt" count="8"/>
        <line num="130" type="method" name="getBlankQuery" visibility="public" complexity="1" crap="1" count="5"/>
        <line num="132" type="stmt" count="5"/>
        <line num="140" type="method" name="callBlankQuery" visibility="public" complexity="1" crap="1" count="3"/>
        <line num="142" type="stmt" count="3"/>
        <line num="143" type="stmt" count="1"/>
        <line num="145" type="stmt" count="3"/>
        <line num="151" type="method" name="defaultToTrue" visibility="public" complexity="1" crap="1" count="1"/>
        <line num="153" type="stmt" count="1"/>
        <line num="161" type="method" name="trueLabel" visibility="public" complexity="1" crap="1" count="7"/>
        <line num="163" type="stmt" count="7"/>
        <line num="165" type="stmt" count="7"/>
        <line num="171" type="method" name="getTrueLabel" visibility="public" complexity="1" crap="1" count="17"/>
        <line num="173" type="stmt" count="17"/>
        <line num="182" type="method" name="trueQuery" visibility="public" complexity="1" crap="1" count="8"/>
        <line num="184" type="stmt" count="8"/>
        <line num="186" type="stmt" count="8"/>
        <line num="194" type="method" name="getTrueQuery" visibility="public" complexity="1" crap="1" count="7"/>
        <line num="196" type="stmt" count="7"/>
        <line num="204" type="method" name="callTrueQuery" visibility="public" complexity="4" crap="4" count="5"/>
        <line num="206" type="stmt" count="5"/>
        <line num="207" type="stmt" count="5"/>
        <line num="208" type="stmt" count="3"/>
        <line num="209" type="stmt" count="2"/>
        <line num="210" type="stmt" count="5"/>
        <line num="212" type="stmt" count="5"/>
        <line num="218" type="method" name="defaultToFalse" visibility="public" complexity="1" crap="1" count="1"/>
        <line num="220" type="stmt" count="1"/>
        <line num="228" type="method" name="falseLabel" visibility="public" complexity="1" crap="1" count="7"/>
        <line num="230" type="stmt" count="7"/>
        <line num="232" type="stmt" count="7"/>
        <line num="238" type="method" name="getFalseLabel" visibility="public" complexity="1" crap="1" count="17"/>
        <line num="240" type="stmt" count="17"/>
        <line num="249" type="method" name="falseQuery" visibility="public" complexity="1" crap="1" count="8"/>
        <line num="251" type="stmt" count="8"/>
        <line num="253" type="stmt" count="8"/>
        <line num="261" type="method" name="getFalseQuery" visibility="public" complexity="1" crap="1" count="6"/>
        <line num="263" type="stmt" count="6"/>
        <line num="271" type="method" name="callFalseQuery" visibility="public" complexity="4" crap="4" count="4"/>
        <line num="273" type="stmt" count="4"/>
        <line num="274" type="stmt" count="4"/>
        <line num="275" type="stmt" count="2"/>
        <line num="276" type="stmt" count="1"/>
        <line num="277" type="stmt" count="4"/>
        <line num="279" type="stmt" count="4"/>
        <line num="290" type="method" name="queries" visibility="public" complexity="1" crap="1" count="6"/>
        <line num="296" type="stmt" count="6"/>
        <line num="297" type="stmt" count="6"/>
        <line num="298" type="stmt" count="6"/>
        <line num="300" type="stmt" count="6"/>
        <line num="308" type="method" name="getOptions" visibility="public" complexity="1" crap="1" count="15"/>
        <line num="310" type="stmt" count="15"/>
        <line num="311" type="stmt" count="15"/>
        <line num="312" type="stmt" count="15"/>
        <line num="313" type="stmt" count="15"/>
        <line num="314" type="stmt" count="15"/>
        <metrics loc="317" ncloc="184" classes="1" methods="21" coveredmethods="21" conditionals="0" coveredconditionals="0" statements="54" coveredstatements="54" elements="75" coveredelements="75"/>
      </file>
      <file name="/home/josh/code/honed/honed/packages/laravel/refine/src/Filters/TextFilter.php">
        <class name="Honed\Refine\Filters\TextFilter" namespace="Honed\Refine\Filters">
          <metrics complexity="1" methods="1" coveredmethods="1" conditionals="0" coveredconditionals="0" statements="2" coveredstatements="2" elements="3" coveredelements="3"/>
        </class>
        <line num="18" type="method" name="setUp" visibility="protected" complexity="1" crap="1" count="1"/>
        <line num="20" type="stmt" count="1"/>
        <line num="22" type="stmt" count="1"/>
        <metrics loc="25" ncloc="16" classes="1" methods="1" coveredmethods="1" conditionals="0" coveredconditionals="0" statements="2" coveredstatements="2" elements="3" coveredelements="3"/>
      </file>
      <file name="/home/josh/code/honed/honed/packages/laravel/refine/src/Filters/TimeFilter.php">
        <class name="Honed\Refine\Filters\TimeFilter" namespace="Honed\Refine\Filters">
          <metrics complexity="1" methods="1" coveredmethods="1" conditionals="0" coveredconditionals="0" statements="2" coveredstatements="2" elements="3" coveredelements="3"/>
        </class>
        <line num="18" type="method" name="setUp" visibility="protected" complexity="1" crap="1" count="1"/>
        <line num="20" type="stmt" count="1"/>
        <line num="22" type="stmt" count="1"/>
        <metrics loc="25" ncloc="16" classes="1" methods="1" coveredmethods="1" conditionals="0" coveredconditionals="0" statements="2" coveredstatements="2" elements="3" coveredelements="3"/>
      </file>
      <file name="/home/josh/code/honed/honed/packages/laravel/refine/src/Filters/TrashedFilter.php">
        <class name="Honed\Refine\Filters\TrashedFilter" namespace="Honed\Refine\Filters">
          <metrics complexity="2" methods="2" coveredmethods="2" conditionals="0" coveredconditionals="0" statements="12" coveredstatements="12" elements="14" coveredelements="14"/>
        </class>
        <line num="18" type="method" name="setUp" visibility="protected" complexity="1" crap="1" count="5"/>
        <line num="20" type="stmt" count="5"/>
        <line num="22" type="stmt" count="5"/>
        <line num="24" type="stmt" count="5"/>
        <line num="26" type="stmt" count="5"/>
        <line num="28" type="stmt" count="5"/>
        <line num="30" type="stmt" count="5"/>
        <line num="32" type="stmt" count="5"/>
        <line num="33" type="stmt" count="5"/>
        <line num="34" type="stmt" count="5"/>
        <line num="35" type="stmt" count="5"/>
        <line num="36" type="stmt" count="5"/>
        <line num="42" type="method" name="new" visibility="public" complexity="1" crap="1" count="5"/>
        <line num="44" type="stmt" count="5"/>
        <metrics loc="47" ncloc="33" classes="1" methods="2" coveredmethods="2" conditionals="0" coveredconditionals="0" statements="12" coveredstatements="12" elements="14" coveredelements="14"/>
      </file>
    </package>
    <package name="Honed\Refine\Filters\Concerns">
      <file name="/home/josh/code/honed/honed/packages/laravel/refine/src/Filters/Concerns/HasOperator.php">
        <class name="Honed\Refine\Filters\Concerns\HasOperator" namespace="Honed\Refine\Filters\Concerns">
          <metrics complexity="16" methods="15" coveredmethods="14" conditionals="0" coveredconditionals="0" statements="18" coveredstatements="17" elements="33" coveredelements="31"/>
        </class>
        <line num="24" type="method" name="operator" visibility="public" complexity="2" crap="2.06" count="16"/>
        <line num="26" type="stmt" count="16"/>
        <line num="27" type="stmt" count="0"/>
        <line num="29" type="stmt" count="16"/>
        <line num="32" type="stmt" count="16"/>
        <line num="40" type="method" name="greaterThan" visibility="public" complexity="1" crap="1" count="1"/>
        <line num="42" type="stmt" count="1"/>
        <line num="50" type="method" name="gt" visibility="public" complexity="1" crap="1" count="1"/>
        <line num="52" type="stmt" count="1"/>
        <line num="60" type="method" name="greaterThanOrEqualTo" visibility="public" complexity="1" crap="1" count="7"/>
        <line num="62" type="stmt" count="7"/>
        <line num="70" type="method" name="gte" visibility="public" complexity="1" crap="1" count="7"/>
        <line num="72" type="stmt" count="7"/>
        <line num="80" type="method" name="lessThan" visibility="public" complexity="1" crap="1" count="1"/>
        <line num="82" type="stmt" count="1"/>
        <line num="90" type="method" name="lt" visibility="public" complexity="1" crap="1" count="1"/>
        <line num="92" type="stmt" count="1"/>
        <line num="100" type="method" name="lessThanOrEqualTo" visibility="public" complexity="1" crap="1" count="1"/>
        <line num="102" type="stmt" count="1"/>
        <line num="110" type="method" name="lte" visibility="public" complexity="1" crap="1" count="1"/>
        <line num="112" type="stmt" count="1"/>
        <line num="120" type="method" name="notEqualTo" visibility="public" complexity="1" crap="1" count="1"/>
        <line num="122" type="stmt" count="1"/>
        <line num="130" type="method" name="neq" visibility="public" complexity="1" crap="1" count="1"/>
        <line num="132" type="stmt" count="1"/>
        <line num="140" type="method" name="equals" visibility="public" complexity="1" crap="1" count="1"/>
        <line num="142" type="stmt" count="1"/>
        <line num="150" type="method" name="eq" visibility="public" complexity="1" crap="1" count="1"/>
        <line num="152" type="stmt" count="1"/>
        <line num="160" type="method" name="like" visibility="public" complexity="1" crap="1" count="7"/>
        <line num="162" type="stmt" count="7"/>
        <line num="170" type="method" name="getOperator" visibility="public" complexity="1" crap="1" count="44"/>
        <line num="172" type="stmt" count="44"/>
        <metrics loc="175" ncloc="94" classes="1" methods="15" coveredmethods="14" conditionals="0" coveredconditionals="0" statements="18" coveredstatements="17" elements="33" coveredelements="31"/>
      </file>
      <file name="/home/josh/code/honed/honed/packages/laravel/refine/src/Filters/Concerns/HasOptions.php">
        <class name="Honed\Refine\Filters\Concerns\HasOptions" namespace="Honed\Refine\Filters\Concerns">
          <metrics complexity="27" methods="16" coveredmethods="16" conditionals="0" coveredconditionals="0" statements="56" coveredstatements="56" elements="72" coveredelements="72"/>
        </class>
        <line num="51" type="method" name="options" visibility="public" complexity="1" crap="1" count="18"/>
        <line num="53" type="stmt" count="18"/>
        <line num="55" type="stmt" count="18"/>
        <line num="63" type="method" name="getOptions" visibility="public" complexity="1" crap="1" count="44"/>
        <line num="65" type="stmt" count="44"/>
        <line num="73" type="method" name="hasOptions" visibility="public" complexity="1" crap="1" count="1"/>
        <line num="75" type="stmt" count="1"/>
        <line num="84" type="method" name="strict" visibility="public" complexity="1" crap="1" count="9"/>
        <line num="86" type="stmt" count="9"/>
        <line num="88" type="stmt" count="9"/>
        <line num="97" type="method" name="lax" visibility="public" complexity="1" crap="1" count="2"/>
        <line num="99" type="stmt" count="2"/>
        <line num="107" type="method" name="isStrict" visibility="public" complexity="1" crap="1" count="23"/>
        <line num="109" type="stmt" count="23"/>
        <line num="118" type="method" name="multiple" visibility="public" complexity="1" crap="1" count="14"/>
        <line num="120" type="stmt" count="14"/>
        <line num="122" type="stmt" count="14"/>
        <line num="130" type="method" name="isMultiple" visibility="public" complexity="1" crap="1" count="41"/>
        <line num="132" type="stmt" count="41"/>
        <line num="140" type="method" name="isNotMultiple" visibility="public" complexity="1" crap="1" count="1"/>
        <line num="142" type="stmt" count="1"/>
        <line num="151" type="method" name="activateOptions" visibility="public" complexity="6" crap="6" count="22"/>
        <line num="153" type="stmt" count="22"/>
        <line num="154" type="stmt" count="22"/>
        <line num="155" type="stmt" count="22"/>
        <line num="157" type="stmt" count="22"/>
        <line num="158" type="stmt" count="22"/>
        <line num="159" type="stmt" count="22"/>
        <line num="161" type="stmt" count="22"/>
        <line num="162" type="stmt" count="22"/>
        <line num="163" type="stmt" count="22"/>
        <line num="164" type="stmt" count="22"/>
        <line num="165" type="stmt" count="22"/>
        <line num="166" type="stmt" count="22"/>
        <line num="168" type="stmt" count="22"/>
        <line num="170" type="stmt" count="21"/>
        <line num="172" type="stmt" count="22"/>
        <line num="173" type="stmt" count="22"/>
        <line num="181" type="method" name="optionsToArray" visibility="public" complexity="1" crap="1" count="5"/>
        <line num="183" type="stmt" count="5"/>
        <line num="184" type="stmt" count="5"/>
        <line num="185" type="stmt" count="5"/>
        <line num="186" type="stmt" count="5"/>
        <line num="198" type="method" name="newOption" visibility="protected" complexity="2" crap="2" count="11"/>
        <line num="200" type="stmt" count="11"/>
        <line num="201" type="stmt" count="1"/>
        <line num="202" type="stmt" count="11"/>
        <line num="213" type="method" name="createOptions" visibility="protected" complexity="5" crap="5" count="18"/>
        <line num="215" type="stmt" count="18"/>
        <line num="216" type="stmt" count="1"/>
        <line num="220" type="stmt" count="18"/>
        <line num="221" type="stmt" count="11"/>
        <line num="222" type="stmt" count="18"/>
        <line num="232" type="method" name="createEnumOptions" visibility="protected" complexity="2" crap="2" count="13"/>
        <line num="234" type="stmt" count="13"/>
        <line num="235" type="stmt" count="13"/>
        <line num="236" type="stmt" count="13"/>
        <line num="237" type="stmt" count="13"/>
        <line num="238" type="stmt" count="13"/>
        <line num="239" type="stmt" count="13"/>
        <line num="240" type="stmt" count="13"/>
        <line num="251" type="method" name="createAssociativeOptions" visibility="protected" complexity="1" crap="1" count="1"/>
        <line num="253" type="stmt" count="1"/>
        <line num="254" type="stmt" count="1"/>
        <line num="255" type="stmt" count="1"/>
        <line num="256" type="stmt" count="1"/>
        <line num="257" type="stmt" count="1"/>
        <line num="268" type="method" name="createListOptions" visibility="protected" complexity="1" crap="1" count="10"/>
        <line num="271" type="stmt" count="10"/>
        <line num="272" type="stmt" count="10"/>
        <line num="273" type="stmt" count="10"/>
        <line num="274" type="stmt" count="10"/>
        <metrics loc="277" ncloc="157" classes="1" methods="16" coveredmethods="16" conditionals="0" coveredconditionals="0" statements="56" coveredstatements="56" elements="72" coveredelements="72"/>
      </file>
    </package>
    <package name="Honed\Refine">
      <file name="/home/josh/code/honed/honed/packages/laravel/refine/src/Option.php">
        <class name="Honed\Refine\Option" namespace="Honed\Refine">
          <metrics complexity="3" methods="3" coveredmethods="3" conditionals="0" coveredconditionals="0" statements="11" coveredstatements="11" elements="14" coveredelements="14"/>
        </class>
        <line num="25" type="method" name="make" visibility="public" complexity="1" crap="1" count="37"/>
        <line num="27" type="stmt" count="37"/>
        <line num="28" type="stmt" count="37"/>
        <line num="29" type="stmt" count="37"/>
        <line num="35" type="method" name="activate" visibility="public" complexity="1" crap="1" count="23"/>
        <line num="37" type="stmt" count="23"/>
        <line num="38" type="stmt" count="23"/>
        <line num="39" type="stmt" count="23"/>
        <line num="47" type="method" name="representation" visibility="protected" complexity="1" crap="1" count="4"/>
        <line num="49" type="stmt" count="4"/>
        <line num="50" type="stmt" count="4"/>
        <line num="51" type="stmt" count="4"/>
        <line num="52" type="stmt" count="4"/>
        <line num="53" type="stmt" count="4"/>
        <metrics loc="56" ncloc="43" classes="1" methods="3" coveredmethods="3" conditionals="0" coveredconditionals="0" statements="11" coveredstatements="11" elements="14" coveredelements="14"/>
      </file>
      <file name="/home/josh/code/honed/honed/packages/laravel/refine/src/Refine.php">
        <class name="Honed\Refine\Refine" namespace="Honed\Refine">
          <metrics complexity="25" methods="14" coveredmethods="11" conditionals="0" coveredconditionals="0" statements="48" coveredstatements="44" elements="62" coveredelements="55"/>
        </class>
        <line num="56" type="method" name="__construct" visibility="public" complexity="1" crap="1" count="109"/>
        <line num="58" type="stmt" count="109"/>
        <line num="60" type="stmt" count="109"/>
        <line num="68" type="method" name="__call" visibility="public" complexity="3" crap="3" count="43"/>
        <line num="70" type="stmt" count="43"/>
        <line num="71" type="stmt" count="1"/>
        <line num="74" type="stmt" count="42"/>
        <line num="75" type="stmt" count="42"/>
        <line num="78" type="stmt" count="1"/>
        <line num="87" type="method" name="make" visibility="public" complexity="1" crap="1" count="109"/>
        <line num="89" type="stmt" count="109"/>
        <line num="90" type="stmt" count="109"/>
        <line num="101" type="method" name="refinerForModel" visibility="public" complexity="1" crap="1" count="1"/>
        <line num="103" type="stmt" count="1"/>
        <line num="105" type="stmt" count="1"/>
        <line num="114" type="method" name="resolveRefinerName" visibility="public" complexity="2" crap="2.01" count="3"/>
        <line num="116" type="stmt" count="3"/>
        <line num="117" type="stmt" count="2"/>
        <line num="119" type="stmt" count="2"/>
        <line num="120" type="stmt" count="0"/>
        <line num="121" type="stmt" count="2"/>
        <line num="124" type="stmt" count="2"/>
        <line num="125" type="stmt" count="2"/>
        <line num="127" type="stmt" count="3"/>
        <line num="133" type="method" name="useNamespace" visibility="public" complexity="1" crap="1" count="4"/>
        <line num="135" type="stmt" count="4"/>
        <line num="143" type="method" name="guessRefinersUsing" visibility="public" complexity="1" crap="1" count="4"/>
        <line num="145" type="stmt" count="4"/>
        <line num="151" type="method" name="flushState" visibility="public" complexity="1" crap="1" count="20"/>
        <line num="153" type="stmt" count="20"/>
        <line num="154" type="stmt" count="20"/>
        <line num="157" type="method" name="resolve" visibility="public" complexity="1" crap="2" count="0"/>
        <line num="159" type="stmt" count="0"/>
        <line num="165" type="method" name="appNamespace" visibility="protected" complexity="2" crap="2.26" count="2"/>
        <line num="168" type="stmt" count="2"/>
        <line num="169" type="stmt" count="2"/>
        <line num="170" type="stmt" count="2"/>
        <line num="171" type="stmt" count="0"/>
        <line num="172" type="stmt" count="0"/>
        <line num="181" type="method" name="representation" visibility="protected" complexity="1" crap="1" count="5"/>
        <line num="183" type="stmt" count="5"/>
        <line num="193" type="method" name="forwardBuilderCall" visibility="protected" complexity="1" crap="1" count="1"/>
        <line num="195" type="stmt" count="1"/>
        <line num="196" type="stmt" count="1"/>
        <line num="197" type="stmt" count="1"/>
        <line num="198" type="stmt" count="1"/>
        <line num="199" type="stmt" count="1"/>
        <line num="200" type="stmt" count="1"/>
        <line num="208" type="method" name="resolveDefaultClosureDependencyForEvaluationByName" visibility="protected" complexity="4" crap="4" count="11"/>
        <line num="210" type="stmt" count="11"/>
        <line num="211" type="stmt" count="1"/>
        <line num="212" type="stmt" count="5"/>
        <line num="213" type="stmt" count="11"/>
        <line num="214" type="stmt" count="11"/>
        <line num="222" type="method" name="resolveDefaultClosureDependencyForEvaluationByType" visibility="protected" complexity="5" crap="5" count="4"/>
        <line num="224" type="stmt" count="4"/>
        <line num="226" type="stmt" count="4"/>
        <line num="227" type="stmt" count="1"/>
        <line num="228" type="stmt" count="1"/>
        <line num="229" type="stmt" count="2"/>
        <line num="230" type="stmt" count="4"/>
        <line num="231" type="stmt" count="4"/>
        <metrics loc="234" ncloc="150" classes="1" methods="14" coveredmethods="11" conditionals="0" coveredconditionals="0" statements="48" coveredstatements="44" elements="62" coveredelements="55"/>
      </file>
      <file name="/home/josh/code/honed/honed/packages/laravel/refine/src/RefineServiceProvider.php">
        <class name="Honed\Refine\RefineServiceProvider" namespace="Honed\Refine">
          <metrics complexity="3" methods="2" coveredmethods="2" conditionals="0" coveredconditionals="0" statements="15" coveredstatements="15" elements="17" coveredelements="17"/>
        </class>
        <line num="18" type="method" name="boot" visibility="public" complexity="2" crap="2" count="258"/>
        <line num="20" type="stmt" count="258"/>
        <line num="22" type="stmt" count="258"/>
        <line num="23" type="stmt" count="258"/>
        <line num="25" type="stmt" count="258"/>
        <line num="26" type="stmt" count="258"/>
        <line num="27" type="stmt" count="258"/>
        <line num="28" type="stmt" count="258"/>
        <line num="29" type="stmt" count="258"/>
        <line num="30" type="stmt" count="258"/>
        <line num="37" type="method" name="offerPublishing" visibility="protected" complexity="1" crap="1" count="258"/>
        <line num="39" type="stmt" count="258"/>
        <line num="40" type="stmt" count="258"/>
        <line num="41" type="stmt" count="258"/>
        <line num="43" type="stmt" count="258"/>
        <line num="44" type="stmt" count="258"/>
        <line num="45" type="stmt" count="258"/>
        <metrics loc="48" ncloc="42" classes="1" methods="2" coveredmethods="2" conditionals="0" coveredconditionals="0" statements="15" coveredstatements="15" elements="17" coveredelements="17"/>
      </file>
      <file name="/home/josh/code/honed/honed/packages/laravel/refine/src/Refiner.php">
        <class name="Honed\Refine\Refiner" namespace="Honed\Refine">
          <metrics complexity="9" methods="8" coveredmethods="8" conditionals="0" coveredconditionals="0" statements="27" coveredstatements="27" elements="35" coveredelements="35"/>
        </class>
        <line num="45" type="method" name="setUp" visibility="protected" complexity="1" crap="1" count="162"/>
        <line num="47" type="stmt" count="162"/>
        <line num="49" type="stmt" count="162"/>
        <line num="59" type="method" name="make" visibility="public" complexity="1" crap="1" count="157"/>
        <line num="61" type="stmt" count="157"/>
        <line num="62" type="stmt" count="157"/>
        <line num="63" type="stmt" count="157"/>
        <line num="69" type="method" name="getParameter" visibility="public" complexity="1" crap="1" count="51"/>
        <line num="71" type="stmt" count="51"/>
        <line num="79" type="method" name="getQualifiedName" visibility="public" complexity="1" crap="1" count="5"/>
        <line num="81" type="stmt" count="5"/>
        <line num="89" type="method" name="representation" visibility="protected" complexity="1" crap="1" count="8"/>
        <line num="91" type="stmt" count="8"/>
        <line num="92" type="stmt" count="8"/>
        <line num="93" type="stmt" count="8"/>
        <line num="94" type="stmt" count="8"/>
        <line num="95" type="stmt" count="8"/>
        <line num="96" type="stmt" count="8"/>
        <line num="106" type="method" name="refine" visibility="protected" complexity="2" crap="2" count="64"/>
        <line num="108" type="stmt" count="64"/>
        <line num="109" type="stmt" count="49"/>
        <line num="112" type="stmt" count="64"/>
        <line num="114" type="stmt" count="64"/>
        <line num="122" type="method" name="guessParameter" visibility="protected" complexity="1" crap="1" count="46"/>
        <line num="124" type="stmt" count="46"/>
        <line num="133" type="method" name="getBindings" visibility="protected" complexity="1" crap="1" count="64"/>
        <line num="136" type="stmt" count="64"/>
        <line num="138" type="stmt" count="64"/>
        <line num="139" type="stmt" count="64"/>
        <line num="140" type="stmt" count="64"/>
        <line num="141" type="stmt" count="64"/>
        <line num="142" type="stmt" count="64"/>
        <line num="143" type="stmt" count="64"/>
        <line num="144" type="stmt" count="64"/>
        <line num="145" type="stmt" count="64"/>
        <metrics loc="148" ncloc="99" classes="1" methods="8" coveredmethods="8" conditionals="0" coveredconditionals="0" statements="27" coveredstatements="27" elements="35" coveredelements="35"/>
      </file>
    </package>
    <package name="Honed\Refine\Pipes">
      <file name="/home/josh/code/honed/honed/packages/laravel/refine/src/Pipes/FilterQuery.php">
        <class name="Honed\Refine\Pipes\FilterQuery" namespace="Honed\Refine\Pipes">
          <metrics complexity="9" methods="6" coveredmethods="6" conditionals="0" coveredconditionals="0" statements="20" coveredstatements="20" elements="26" coveredelements="26"/>
        </class>
        <line num="19" type="method" name="run" visibility="public" complexity="2" crap="2" count="19"/>
        <line num="21" type="stmt" count="19"/>
        <line num="23" type="stmt" count="19"/>
        <line num="24" type="stmt" count="10"/>
        <line num="27" type="stmt" count="9"/>
        <line num="37" type="method" name="filter" visibility="protected" complexity="3" crap="3" count="19"/>
        <line num="39" type="stmt" count="19"/>
        <line num="41" type="stmt" count="19"/>
        <line num="42" type="stmt" count="17"/>
        <line num="44" type="stmt" count="17"/>
        <line num="46" type="stmt" count="17"/>
        <line num="47" type="stmt" count="12"/>
        <line num="49" type="stmt" count="12"/>
        <line num="53" type="stmt" count="19"/>
        <line num="63" type="method" name="getFilterValue" visibility="protected" complexity="1" crap="1" count="17"/>
        <line num="66" type="stmt" count="17"/>
        <line num="67" type="stmt" count="17"/>
        <line num="68" type="stmt" count="17"/>
        <line num="69" type="stmt" count="17"/>
        <line num="70" type="stmt" count="17"/>
        <line num="79" type="method" name="getParameter" visibility="protected" complexity="1" crap="1" count="17"/>
        <line num="81" type="stmt" count="17"/>
        <line num="91" type="method" name="persist" visibility="protected" complexity="1" crap="1" count="12"/>
        <line num="93" type="stmt" count="12"/>
        <line num="102" type="method" name="persisted" visibility="protected" complexity="1" crap="1" count="7"/>
        <line num="104" type="stmt" count="7"/>
        <metrics loc="107" ncloc="66" classes="1" methods="6" coveredmethods="6" conditionals="0" coveredconditionals="0" statements="20" coveredstatements="20" elements="26" coveredelements="26"/>
[...]
        <line num="180" type="stmt" count="11"/>
        <line num="183" type="stmt" count="17"/>
        <line num="185" type="stmt" count="17"/>
        <line num="195" type="method" name="persist" visibility="protected" complexity="2" crap="2.01" count="20"/>
        <line num="198" type="stmt" count="20"/>
        <line num="199" type="stmt" count="20"/>
        <line num="200" type="stmt" count="20"/>
        <line num="201" type="stmt" count="20"/>
        <line num="203" type="stmt" count="20"/>
        <line num="204" type="stmt" count="20"/>
        <line num="205" type="stmt" count="20"/>
        <line num="206" type="stmt" count="0"/>
        <line num="216" type="method" name="persisted" visibility="protected" complexity="3" crap="3" count="10"/>
        <line num="219" type="stmt" count="10"/>
        <line num="220" type="stmt" count="10"/>
        <line num="221" type="stmt" count="10"/>
        <line num="223" type="stmt" count="4"/>
        <line num="225" type="stmt" count="4"/>
        <line num="226" type="stmt" count="6"/>
        <line num="227" type="stmt" count="6"/>
        <metrics loc="231" ncloc="178" classes="1" methods="8" coveredmethods="5" conditionals="0" coveredconditionals="0" statements="81" coveredstatements="77" elements="89" coveredelements="82"/>
      </file>
      <file name="/home/josh/code/honed/honed/packages/laravel/refine/src/Pipes/SortQuery.php">
        <class name="Honed\Refine\Pipes\SortQuery" namespace="Honed\Refine\Pipes">
          <metrics complexity="19" methods="7" coveredmethods="6" conditionals="0" coveredconditionals="0" statements="39" coveredstatements="38" elements="46" coveredelements="44"/>
        </class>
        <line num="22" type="method" name="run" visibility="public" complexity="2" crap="2" count="19"/>
        <line num="24" type="stmt" count="19"/>
        <line num="26" type="stmt" count="19"/>
        <line num="28" type="stmt" count="19"/>
        <line num="29" type="stmt" count="10"/>
        <line num="31" type="stmt" count="10"/>
        <line num="34" type="stmt" count="9"/>
        <line num="45" type="method" name="sort" visibility="protected" complexity="3" crap="3" count="19"/>
        <line num="47" type="stmt" count="19"/>
        <line num="49" type="stmt" count="19"/>
        <line num="50" type="stmt" count="17"/>
        <line num="51" type="stmt" count="10"/>
        <line num="55" type="stmt" count="19"/>
        <line num="64" type="method" name="defaultSort" visibility="protected" complexity="2" crap="2" count="9"/>
        <line num="66" type="stmt" count="9"/>
        <line num="67" type="stmt" count="2"/>
        <line num="69" type="stmt" count="2"/>
        <line num="71" type="stmt" count="2"/>
        <line num="81" type="method" name="getValues" visibility="protected" complexity="4" crap="4" count="19"/>
        <line num="83" type="stmt" count="19"/>
        <line num="85" type="stmt" count="19"/>
        <line num="87" type="stmt" count="19"/>
        <line num="90" type="stmt" count="19"/>
        <line num="91" type="stmt" count="8"/>
        <line num="92" type="stmt" count="19"/>
        <line num="103" type="method" name="getOrder" visibility="protected" complexity="4" crap="4" count="19"/>
        <line num="105" type="stmt" count="19"/>
        <line num="108" type="stmt" count="19"/>
        <line num="109" type="stmt" count="11"/>
        <line num="110" type="stmt" count="19"/>
        <line num="121" type="method" name="persist" visibility="protected" complexity="2" crap="2.01" count="10"/>
        <line num="124" type="stmt" count="10"/>
        <line num="125" type="stmt" count="10"/>
        <line num="126" type="stmt" count="10"/>
        <line num="127" type="stmt" count="10"/>
        <line num="129" type="stmt" count="10"/>
        <line num="130" type="stmt" count="10"/>
        <line num="131" type="stmt" count="10"/>
        <line num="132" type="stmt" count="0"/>
        <line num="142" type="method" name="persisted" visibility="protected" complexity="2" crap="2" count="8"/>
        <line num="145" type="stmt" count="8"/>
        <line num="146" type="stmt" count="8"/>
        <line num="147" type="stmt" count="8"/>
        <line num="149" type="stmt" count="2"/>
        <line num="150" type="stmt" count="6"/>
        <line num="151" type="stmt" count="6"/>
        <metrics loc="155" ncloc="107" classes="1" methods="7" coveredmethods="6" conditionals="0" coveredconditionals="0" statements="39" coveredstatements="38" elements="46" coveredelements="44"/>
      </file>
    </package>
    <package name="Honed\Refine\Searches\Concerns">
      <file name="/home/josh/code/honed/honed/packages/laravel/refine/src/Searches/Concerns/HasSearchMode.php">
        <class name="Honed\Refine\Searches\Concerns\HasSearchMode" namespace="Honed\Refine\Searches\Concerns">
          <metrics complexity="8" methods="8" coveredmethods="7" conditionals="0" coveredconditionals="0" statements="9" coveredstatements="8" elements="17" coveredelements="15"/>
        </class>
        <line num="21" type="method" name="searchMode" visibility="public" complexity="1" crap="1" count="2"/>
        <line num="23" type="stmt" count="2"/>
        <line num="25" type="stmt" count="2"/>
        <line num="33" type="method" name="wildcard" visibility="public" complexity="1" crap="1" count="1"/>
        <line num="35" type="stmt" count="1"/>
        <line num="43" type="method" name="startsWith" visibility="public" complexity="1" crap="1" count="1"/>
        <line num="45" type="stmt" count="1"/>
        <line num="53" type="method" name="endsWith" visibility="public" complexity="1" crap="1" count="1"/>
        <line num="55" type="stmt" count="1"/>
        <line num="63" type="method" name="fullText" visibility="public" complexity="1" crap="1" count="2"/>
        <line num="65" type="stmt" count="2"/>
        <line num="73" type="method" name="naturalLanguage" visibility="public" complexity="1" crap="2" count="0"/>
        <line num="75" type="stmt" count="0"/>
        <line num="83" type="method" name="boolean" visibility="public" complexity="1" crap="1" count="1"/>
        <line num="85" type="stmt" count="1"/>
        <line num="91" type="method" name="getSearchMode" visibility="public" complexity="1" crap="1" count="17"/>
        <line num="93" type="stmt" count="17"/>
        <metrics loc="96" ncloc="55" classes="1" methods="8" coveredmethods="7" conditionals="0" coveredconditionals="0" statements="9" coveredstatements="8" elements="17" coveredelements="15"/>
      </file>
    </package>
    <package name="Honed\Refine\Searches">
      <file name="/home/josh/code/honed/honed/packages/laravel/refine/src/Searches/Search.php">
        <class name="Honed\Refine\Searches\Search" namespace="Honed\Refine\Searches">
          <metrics complexity="26" methods="12" coveredmethods="9" conditionals="0" coveredconditionals="0" statements="60" coveredstatements="46" elements="72" coveredelements="55"/>
        </class>
        <line num="41" type="method" name="searchWildcard" visibility="public" complexity="1" crap="1" count="6"/>
        <line num="49" type="stmt" count="6"/>
        <line num="50" type="stmt" count="6"/>
        <line num="52" type="stmt" count="6"/>
        <line num="53" type="stmt" count="6"/>
        <line num="61" type="method" name="binding" visibility="public" complexity="1" crap="1" count="6"/>
        <line num="63" type="stmt" count="6"/>
        <line num="71" type="method" name="unionOn" visibility="public" complexity="1" crap="2" count="0"/>
        <line num="73" type="stmt" count="0"/>
        <line num="75" type="stmt" count="0"/>
        <line num="81" type="method" name="getUnionKey" visibility="public" complexity="1" crap="1" count="1"/>
        <line num="83" type="stmt" count="1"/>
        <line num="92" type="method" name="unionAs" visibility="public" complexity="2" crap="2.01" count="1"/>
        <line num="94" type="stmt" count="1"/>
        <line num="96" type="stmt" count="1"/>
        <line num="97" type="stmt" count="1"/>
        <line num="98" type="stmt" count="1"/>
        <line num="99" type="stmt" count="1"/>
        <line num="101" type="stmt" count="1"/>
        <line num="103" type="stmt" count="1"/>
        <line num="104" type="stmt" count="0"/>
        <line num="107" type="stmt" count="1"/>
        <line num="116" type="method" name="handle" visibility="public" complexity="4" crap="4" count="22"/>
        <line num="118" type="stmt" count="22"/>
        <line num="120" type="stmt" count="22"/>
        <line num="121" type="stmt" count="10"/>
        <line num="124" type="stmt" count="16"/>
        <line num="125" type="stmt" count="16"/>
        <line num="126" type="stmt" count="16"/>
        <line num="127" type="stmt" count="16"/>
        <line num="128" type="stmt" count="16"/>
        <line num="129" type="stmt" count="16"/>
        <line num="137" type="method" name="apply" visibility="public" complexity="3" crap="3" count="16"/>
        <line num="139" type="stmt" count="16"/>
        <line num="141" type="stmt" count="16"/>
        <line num="142" type="stmt" count="16"/>
        <line num="143" type="stmt" count="16"/>
        <line num="144" type="stmt" count="16"/>
        <line num="145" type="stmt" count="16"/>
        <line num="146" type="stmt" count="15"/>
        <line num="147" type="stmt" count="15"/>
        <line num="148" type="stmt" count="15"/>
        <line num="149" type="stmt" count="16"/>
        <line num="157" type="method" name="asWildcard" visibility="protected" complexity="1" crap="1" count="15"/>
        <line num="159" type="stmt" count="15"/>
        <line num="160" type="stmt" count="15"/>
        <line num="168" type="method" name="asFullText" visibility="protected" complexity="2" crap="2" count="1"/>
        <line num="170" type="stmt" count="1"/>
        <line num="172" type="stmt" count="1"/>
        <line num="173" type="stmt" count="1"/>
        <line num="179" type="method" name="bind" visibility="protected" complexity="6" crap="6" count="16"/>
        <line num="182" type="stmt" count="16"/>
        <line num="183" type="stmt" count="1"/>
        <line num="184" type="stmt" count="1"/>
        <line num="185" type="stmt" count="1"/>
        <line num="186" type="stmt" count="16"/>
        <line num="193" type="method" name="bindBoolean" visibility="protected" complexity="2" crap="6" count="0"/>
        <line num="195" type="stmt" count="0"/>
        <line num="197" type="stmt" count="0"/>
        <line num="198" type="stmt" count="0"/>
        <line num="199" type="stmt" count="0"/>
        <line num="200" type="stmt" count="0"/>
        <line num="201" type="stmt" count="0"/>
        <line num="202" type="stmt" count="0"/>
        <line num="203" type="stmt" count="0"/>
        <line num="204" type="stmt" count="0"/>
        <line num="205" type="stmt" count="0"/>
        <line num="206" type="stmt" count="0"/>
        <line num="214" type="method" name="checkIfActive" visibility="protected" complexity="2" crap="2" count="22"/>
        <line num="216" type="stmt" count="22"/>
        <line num="217" type="stmt" count="22"/>
        <line num="218" type="stmt" count="22"/>
        <metrics loc="221" ncloc="149" classes="1" methods="12" coveredmethods="9" conditionals="0" coveredconditionals="0" statements="60" coveredstatements="46" elements="72" coveredelements="55"/>
      </file>
    </package>
    <package name="Honed\Refine\Sorts">
      <file name="/home/josh/code/honed/honed/packages/laravel/refine/src/Sorts/AscSort.php">
        <class name="Honed\Refine\Sorts\AscSort" namespace="Honed\Refine\Sorts">
          <metrics complexity="1" methods="1" coveredmethods="1" conditionals="0" coveredconditionals="0" statements="2" coveredstatements="2" elements="3" coveredelements="3"/>
        </class>
        <line num="18" type="method" name="setUp" visibility="protected" complexity="1" crap="1" count="9"/>
        <line num="20" type="stmt" count="9"/>
        <line num="22" type="stmt" count="9"/>
        <metrics loc="25" ncloc="16" classes="1" methods="1" coveredmethods="1" conditionals="0" coveredconditionals="0" statements="2" coveredstatements="2" elements="3" coveredelements="3"/>
      </file>
      <file name="/home/josh/code/honed/honed/packages/laravel/refine/src/Sorts/DescSort.php">
        <class name="Honed\Refine\Sorts\DescSort" namespace="Honed\Refine\Sorts">
          <metrics complexity="1" methods="1" coveredmethods="1" conditionals="0" coveredconditionals="0" statements="2" coveredstatements="2" elements="3" coveredelements="3"/>
        </class>
        <line num="18" type="method" name="setUp" visibility="protected" complexity="1" crap="1" count="9"/>
        <line num="20" type="stmt" count="9"/>
        <line num="22" type="stmt" count="9"/>
        <metrics loc="25" ncloc="16" classes="1" methods="1" coveredmethods="1" conditionals="0" coveredconditionals="0" statements="2" coveredstatements="2" elements="3" coveredelements="3"/>
      </file>
      <file name="/home/josh/code/honed/honed/packages/laravel/refine/src/Sorts/Sort.php">
        <class name="Honed\Refine\Sorts\Sort" namespace="Honed\Refine\Sorts">
          <metrics complexity="25" methods="10" coveredmethods="9" conditionals="0" coveredconditionals="0" statements="39" coveredstatements="38" elements="49" coveredelements="47"/>
        </class>
        <line num="39" type="method" name="getAscendingValue" visibility="public" complexity="1" crap="1" count="8"/>
        <line num="41" type="stmt" count="8"/>
        <line num="49" type="method" name="getDescendingValue" visibility="public" complexity="2" crap="2" count="4"/>
        <line num="51" type="stmt" count="4"/>
        <line num="53" type="stmt" count="4"/>
        <line num="54" type="stmt" count="2"/>
        <line num="57" type="stmt" count="2"/>
        <line num="65" type="method" name="getNextDirection" visibility="public" complexity="7" crap="7" count="8"/>
        <line num="68" type="stmt" count="8"/>
        <line num="69" type="stmt" count="7"/>
        <line num="71" type="stmt" count="6"/>
        <line num="72" type="stmt" count="6"/>
        <line num="73" type="stmt" count="8"/>
        <line num="86" type="method" name="handle" visibility="public" complexity="3" crap="3" count="27"/>
        <line num="88" type="stmt" count="27"/>
        <line num="90" type="stmt" count="27"/>
        <line num="91" type="stmt" count="14"/>
        <line num="94" type="stmt" count="21"/>
        <line num="95" type="stmt" count="15"/>
        <line num="98" type="stmt" count="21"/>
        <line num="99" type="stmt" count="21"/>
        <line num="100" type="stmt" count="21"/>
        <line num="101" type="stmt" count="21"/>
        <line num="102" type="stmt" count="21"/>
        <line num="113" type="method" name="apply" visibility="public" complexity="1" crap="1" count="20"/>
        <line num="115" type="stmt" count="20"/>
        <line num="123" type="method" name="representation" visibility="protected" complexity="1" crap="1" count="3"/>
        <line num="125" type="stmt" count="3"/>
        <line num="126" type="stmt" count="3"/>
        <line num="127" type="stmt" count="3"/>
        <line num="128" type="stmt" count="3"/>
        <line num="136" type="method" name="getEnforcedDirection" visibility="protected" complexity="3" crap="3.07" count="2"/>
        <line num="138" type="stmt" count="2"/>
        <line num="139" type="stmt" count="0"/>
        <line num="142" type="stmt" count="2"/>
        <line num="143" type="stmt" count="1"/>
        <line num="144" type="stmt" count="2"/>
        <line num="152" type="method" name="getInvertedValue" visibility="protected" complexity="4" crap="4" count="1"/>
        <line num="155" type="stmt" count="1"/>
        <line num="156" type="stmt" count="1"/>
        <line num="157" type="stmt" count="1"/>
        <line num="166" type="method" name="guessParameter" visibility="protected" complexity="2" crap="2" count="26"/>
        <line num="168" type="stmt" count="26"/>
        <line num="169" type="stmt" count="1"/>
        <line num="170" type="stmt" count="26"/>
        <line num="180" type="method" name="checkIfActive" visibility="protected" complexity="1" crap="1" count="27"/>
        <line num="182" type="stmt" count="27"/>
        <line num="183" type="stmt" count="27"/>
        <line num="184" type="stmt" count="27"/>
        <metrics loc="187" ncloc="118" classes="1" methods="10" coveredmethods="9" conditionals="0" coveredconditionals="0" statements="39" coveredstatements="38" elements="49" coveredelements="47"/>
      </file>
    </package>
    <package name="Honed\Refine\Sorts\Concerns">
      <file name="/home/josh/code/honed/honed/packages/laravel/refine/src/Sorts/Concerns/HasDirection.php">
        <class name="Honed\Refine\Sorts\Concerns\HasDirection" namespace="Honed\Refine\Sorts\Concerns">
          <metrics complexity="14" methods="12" coveredmethods="12" conditionals="0" coveredconditionals="0" statements="20" coveredstatements="20" elements="32" coveredelements="32"/>
        </class>
        <line num="40" type="method" name="direction" visibility="public" complexity="1" crap="1" count="17"/>
        <line num="42" type="stmt" count="17"/>
        <line num="44" type="stmt" count="17"/>
        <line num="52" type="method" name="getDirection" visibility="public" complexity="2" crap="2" count="31"/>
        <line num="54" type="stmt" count="31"/>
        <line num="55" type="stmt" count="11"/>
        <line num="56" type="stmt" count="31"/>
        <line num="64" type="method" name="isAscending" visibility="public" complexity="1" crap="1" count="9"/>
        <line num="66" type="stmt" count="9"/>
        <line num="74" type="method" name="isDescending" visibility="public" complexity="1" crap="1" count="9"/>
        <line num="76" type="stmt" count="9"/>
        <line num="84" type="method" name="ascending" visibility="public" complexity="1" crap="1" count="10"/>
        <line num="86" type="stmt" count="10"/>
        <line num="88" type="stmt" count="10"/>
        <line num="96" type="method" name="asc" visibility="public" complexity="1" crap="1" count="1"/>
        <line num="98" type="stmt" count="1"/>
        <line num="106" type="method" name="descending" visibility="public" complexity="1" crap="1" count="11"/>
        <line num="108" type="stmt" count="11"/>
        <line num="110" type="stmt" count="11"/>
        <line num="118" type="method" name="desc" visibility="public" complexity="1" crap="1" count="2"/>
        <line num="120" type="stmt" count="2"/>
        <line num="129" type="method" name="enforcesDirection" visibility="public" complexity="2" crap="2" count="37"/>
        <line num="131" type="stmt" count="37"/>
        <line num="132" type="stmt" count="2"/>
        <line num="135" type="stmt" count="37"/>
        <line num="143" type="method" name="isNotEnforced" visibility="public" complexity="1" crap="1" count="2"/>
        <line num="145" type="stmt" count="2"/>
        <line num="154" type="method" name="invert" visibility="public" complexity="1" crap="1" count="2"/>
        <line num="156" type="stmt" count="2"/>
        <line num="158" type="stmt" count="2"/>
        <line num="166" type="method" name="isInverted" visibility="public" complexity="1" crap="1" count="8"/>
        <line num="168" type="stmt" count="8"/>
        <metrics loc="171" ncloc="93" classes="1" methods="12" coveredmethods="12" conditionals="0" coveredconditionals="0" statements="20" coveredstatements="20" elements="32" coveredelements="32"/>
      </file>
    </package>
    <metrics files="49" loc="4898" ncloc="3136" classes="45" methods="280" coveredmethods="262" conditionals="0" coveredconditionals="0" statements="913" coveredstatements="882" elements="1193" coveredelements="1144"/>
  </project>
</coverage>
